The system is: Linux - 5.19.0-35-generic - x86_64
Compiling the C compiler identification source file "CMakeCCompilerId.c" succeeded.
Compiler: /home/bagrorg/anaconda3/envs/omnisci-dev/bin/clang 
Build flags: 
Id flags:  

The output was:
0


Compilation of the C compiler identification source "CMakeCCompilerId.c" produced "a.out"

The C compiler identification is Clang, found in "/home/bagrorg/Documents/thesis/hdk/cmake-build-debug-conda/CMakeFiles/3.25.2/CompilerIdC/a.out"

Compiling the CXX compiler identification source file "CMakeCXXCompilerId.cpp" succeeded.
Compiler: /home/bagrorg/anaconda3/envs/omnisci-dev/bin/clang++ 
Build flags: 
Id flags:  

The output was:
0


Compilation of the CXX compiler identification source "CMakeCXXCompilerId.cpp" produced "a.out"

The CXX compiler identification is Clang, found in "/home/bagrorg/Documents/thesis/hdk/cmake-build-debug-conda/CMakeFiles/3.25.2/CompilerIdCXX/a.out"

Detecting C compiler ABI info compiled with the following output:
Change Dir: /home/bagrorg/Documents/thesis/hdk/cmake-build-debug-conda/CMakeFiles/CMakeScratch/TryCompile-JZxtnE

Run Build Command(s):/home/bagrorg/anaconda3/envs/omnisci-dev/bin/make -f Makefile cmTC_49bac/fast && /home/bagrorg/anaconda3/envs/omnisci-dev/bin/make  -f CMakeFiles/cmTC_49bac.dir/build.make CMakeFiles/cmTC_49bac.dir/build
make[1]: Entering directory '/home/bagrorg/Documents/thesis/hdk/cmake-build-debug-conda/CMakeFiles/CMakeScratch/TryCompile-JZxtnE'
Building C object CMakeFiles/cmTC_49bac.dir/CMakeCCompilerABI.c.o
/home/bagrorg/anaconda3/envs/omnisci-dev/bin/clang   -fcolor-diagnostics   -v -MD -MT CMakeFiles/cmTC_49bac.dir/CMakeCCompilerABI.c.o -MF CMakeFiles/cmTC_49bac.dir/CMakeCCompilerABI.c.o.d -o CMakeFiles/cmTC_49bac.dir/CMakeCCompilerABI.c.o -c /home/bagrorg/anaconda3/envs/omnisci-dev/share/cmake-3.25/Modules/CMakeCCompilerABI.c
clang version 14.0.6 (https://github.com/conda-forge/clangdev-feedstock 28f7809e7f4286b203af212a154f5a8327bd6fd6)
Target: x86_64-unknown-linux-gnu
Thread model: posix
InstalledDir: /home/bagrorg/anaconda3/envs/omnisci-dev/bin
Found candidate GCC installation: /home/bagrorg/anaconda3/envs/omnisci-dev/bin/../lib/gcc/x86_64-conda-linux-gnu/12.2.0
Selected GCC installation: /home/bagrorg/anaconda3/envs/omnisci-dev/bin/../lib/gcc/x86_64-conda-linux-gnu/12.2.0
Candidate multilib: .;@m64
Selected multilib: .;@m64
Found CUDA installation: /usr/local/cuda, version 
 (in-process)
 "/home/bagrorg/anaconda3/envs/omnisci-dev/bin/clang-14" -cc1 -triple x86_64-unknown-linux-gnu -emit-obj -mrelax-all --mrelax-relocations -disable-free -clear-ast-before-backend -disable-llvm-verifier -discard-value-names -main-file-name CMakeCCompilerABI.c -mrelocation-model static -mframe-pointer=all -fmath-errno -ffp-contract=on -fno-rounding-math -mconstructor-aliases -funwind-tables=2 -target-cpu x86-64 -tune-cpu generic -mllvm -treat-scalable-fixed-error-as-warning -debugger-tuning=gdb -v -fcoverage-compilation-dir=/home/bagrorg/Documents/thesis/hdk/cmake-build-debug-conda/CMakeFiles/CMakeScratch/TryCompile-JZxtnE -resource-dir /home/bagrorg/anaconda3/envs/omnisci-dev/lib/clang/14.0.6 -dependency-file CMakeFiles/cmTC_49bac.dir/CMakeCCompilerABI.c.o.d -MT CMakeFiles/cmTC_49bac.dir/CMakeCCompilerABI.c.o -sys-header-deps -internal-isystem /home/bagrorg/anaconda3/envs/omnisci-dev/lib/clang/14.0.6/include -internal-isystem /home/bagrorg/anaconda3/envs/omnisci-dev/bin/../lib/gcc/x86_64-conda-linux-gnu/12.2.0/../../../../x86_64-conda-linux-gnu/sysroot/usr/local/include -internal-isystem /home/bagrorg/anaconda3/envs/omnisci-dev/bin/../lib/gcc/x86_64-conda-linux-gnu/12.2.0/../../../../x86_64-conda-linux-gnu/include -internal-externc-isystem /home/bagrorg/anaconda3/envs/omnisci-dev/bin/../lib/gcc/x86_64-conda-linux-gnu/12.2.0/../../../../x86_64-conda-linux-gnu/sysroot/include -internal-externc-isystem /home/bagrorg/anaconda3/envs/omnisci-dev/bin/../lib/gcc/x86_64-conda-linux-gnu/12.2.0/../../../../x86_64-conda-linux-gnu/sysroot/usr/include -fdebug-compilation-dir=/home/bagrorg/Documents/thesis/hdk/cmake-build-debug-conda/CMakeFiles/CMakeScratch/TryCompile-JZxtnE -ferror-limit 19 -fgnuc-version=4.2.1 -fcolor-diagnostics -faddrsig -D__GCC_HAVE_DWARF2_CFI_ASM=1 -o CMakeFiles/cmTC_49bac.dir/CMakeCCompilerABI.c.o -x c /home/bagrorg/anaconda3/envs/omnisci-dev/share/cmake-3.25/Modules/CMakeCCompilerABI.c
clang -cc1 version 14.0.6 based upon LLVM 14.0.6 default target x86_64-unknown-linux-gnu
ignoring nonexistent directory "/home/bagrorg/anaconda3/envs/omnisci-dev/bin/../lib/gcc/x86_64-conda-linux-gnu/12.2.0/../../../../x86_64-conda-linux-gnu/sysroot/usr/local/include"
ignoring nonexistent directory "/home/bagrorg/anaconda3/envs/omnisci-dev/bin/../lib/gcc/x86_64-conda-linux-gnu/12.2.0/../../../../x86_64-conda-linux-gnu/sysroot/include"
#include "..." search starts here:
#include <...> search starts here:
 /home/bagrorg/anaconda3/envs/omnisci-dev/lib/clang/14.0.6/include
 /home/bagrorg/anaconda3/envs/omnisci-dev/bin/../lib/gcc/x86_64-conda-linux-gnu/12.2.0/../../../../x86_64-conda-linux-gnu/include
 /home/bagrorg/anaconda3/envs/omnisci-dev/bin/../lib/gcc/x86_64-conda-linux-gnu/12.2.0/../../../../x86_64-conda-linux-gnu/sysroot/usr/include
End of search list.
Linking C executable cmTC_49bac
/home/bagrorg/anaconda3/envs/omnisci-dev/bin/cmake -E cmake_link_script CMakeFiles/cmTC_49bac.dir/link.txt --verbose=1
/home/bagrorg/anaconda3/envs/omnisci-dev/bin/clang  -v CMakeFiles/cmTC_49bac.dir/CMakeCCompilerABI.c.o -o cmTC_49bac 
clang version 14.0.6 (https://github.com/conda-forge/clangdev-feedstock 28f7809e7f4286b203af212a154f5a8327bd6fd6)
Target: x86_64-unknown-linux-gnu
Thread model: posix
InstalledDir: /home/bagrorg/anaconda3/envs/omnisci-dev/bin
Found candidate GCC installation: /home/bagrorg/anaconda3/envs/omnisci-dev/bin/../lib/gcc/x86_64-conda-linux-gnu/12.2.0
Selected GCC installation: /home/bagrorg/anaconda3/envs/omnisci-dev/bin/../lib/gcc/x86_64-conda-linux-gnu/12.2.0
Candidate multilib: .;@m64
Selected multilib: .;@m64
Found CUDA installation: /usr/local/cuda, version 
 "/home/bagrorg/anaconda3/envs/omnisci-dev/bin/ld" -z relro --hash-style=gnu --eh-frame-hdr -m elf_x86_64 -dynamic-linker /lib64/ld-linux-x86-64.so.2 -o cmTC_49bac /home/bagrorg/anaconda3/envs/omnisci-dev/bin/../lib/gcc/x86_64-conda-linux-gnu/12.2.0/../../../../x86_64-conda-linux-gnu/sysroot/usr/lib/../lib64/crt1.o /home/bagrorg/anaconda3/envs/omnisci-dev/bin/../lib/gcc/x86_64-conda-linux-gnu/12.2.0/../../../../x86_64-conda-linux-gnu/sysroot/usr/lib/../lib64/crti.o /home/bagrorg/anaconda3/envs/omnisci-dev/bin/../lib/gcc/x86_64-conda-linux-gnu/12.2.0/crtbegin.o -L/home/bagrorg/anaconda3/envs/omnisci-dev/bin/../lib/gcc/x86_64-conda-linux-gnu/12.2.0 -L/home/bagrorg/anaconda3/envs/omnisci-dev/bin/../lib/gcc/x86_64-conda-linux-gnu/12.2.0/../../../../x86_64-conda-linux-gnu/sysroot/lib/../lib64 -L/home/bagrorg/anaconda3/envs/omnisci-dev/bin/../lib/gcc/x86_64-conda-linux-gnu/12.2.0/../../../../x86_64-conda-linux-gnu/sysroot/usr/lib/../lib64 -L/home/bagrorg/anaconda3/envs/omnisci-dev/bin/../lib/gcc/x86_64-conda-linux-gnu/12.2.0/../../../../x86_64-conda-linux-gnu/lib -L/home/bagrorg/anaconda3/envs/omnisci-dev/bin/../lib/gcc/x86_64-conda-linux-gnu/12.2.0/../../../../x86_64-conda-linux-gnu/sysroot/lib -L/home/bagrorg/anaconda3/envs/omnisci-dev/bin/../lib/gcc/x86_64-conda-linux-gnu/12.2.0/../../../../x86_64-conda-linux-gnu/sysroot/usr/lib CMakeFiles/cmTC_49bac.dir/CMakeCCompilerABI.c.o -lgcc --as-needed -lgcc_s --no-as-needed -lc -lgcc --as-needed -lgcc_s --no-as-needed /home/bagrorg/anaconda3/envs/omnisci-dev/bin/../lib/gcc/x86_64-conda-linux-gnu/12.2.0/crtend.o /home/bagrorg/anaconda3/envs/omnisci-dev/bin/../lib/gcc/x86_64-conda-linux-gnu/12.2.0/../../../../x86_64-conda-linux-gnu/sysroot/usr/lib/../lib64/crtn.o
make[1]: Leaving directory '/home/bagrorg/Documents/thesis/hdk/cmake-build-debug-conda/CMakeFiles/CMakeScratch/TryCompile-JZxtnE'



Parsed C implicit include dir info from above output: rv=done
  found start of include info
  found start of implicit include info
    add: [/home/bagrorg/anaconda3/envs/omnisci-dev/lib/clang/14.0.6/include]
    add: [/home/bagrorg/anaconda3/envs/omnisci-dev/bin/../lib/gcc/x86_64-conda-linux-gnu/12.2.0/../../../../x86_64-conda-linux-gnu/include]
    add: [/home/bagrorg/anaconda3/envs/omnisci-dev/bin/../lib/gcc/x86_64-conda-linux-gnu/12.2.0/../../../../x86_64-conda-linux-gnu/sysroot/usr/include]
  end of search list found
  collapse include dir [/home/bagrorg/anaconda3/envs/omnisci-dev/lib/clang/14.0.6/include] ==> [/home/bagrorg/anaconda3/envs/omnisci-dev/lib/clang/14.0.6/include]
  collapse include dir [/home/bagrorg/anaconda3/envs/omnisci-dev/bin/../lib/gcc/x86_64-conda-linux-gnu/12.2.0/../../../../x86_64-conda-linux-gnu/include] ==> [/home/bagrorg/anaconda3/envs/omnisci-dev/x86_64-conda-linux-gnu/include]
  collapse include dir [/home/bagrorg/anaconda3/envs/omnisci-dev/bin/../lib/gcc/x86_64-conda-linux-gnu/12.2.0/../../../../x86_64-conda-linux-gnu/sysroot/usr/include] ==> [/home/bagrorg/anaconda3/envs/omnisci-dev/x86_64-conda-linux-gnu/sysroot/usr/include]
  implicit include dirs: [/home/bagrorg/anaconda3/envs/omnisci-dev/lib/clang/14.0.6/include;/home/bagrorg/anaconda3/envs/omnisci-dev/x86_64-conda-linux-gnu/include;/home/bagrorg/anaconda3/envs/omnisci-dev/x86_64-conda-linux-gnu/sysroot/usr/include]


Parsed C implicit link information from above output:
  link line regex: [^( *|.*[/\])(ld|CMAKE_LINK_STARTFILE-NOTFOUND|([^/\]+-)?ld|collect2)[^/\]*( |$)]
  ignore line: [Change Dir: /home/bagrorg/Documents/thesis/hdk/cmake-build-debug-conda/CMakeFiles/CMakeScratch/TryCompile-JZxtnE]
  ignore line: []
  ignore line: [Run Build Command(s):/home/bagrorg/anaconda3/envs/omnisci-dev/bin/make -f Makefile cmTC_49bac/fast && /home/bagrorg/anaconda3/envs/omnisci-dev/bin/make  -f CMakeFiles/cmTC_49bac.dir/build.make CMakeFiles/cmTC_49bac.dir/build]
  ignore line: [make[1]: Entering directory '/home/bagrorg/Documents/thesis/hdk/cmake-build-debug-conda/CMakeFiles/CMakeScratch/TryCompile-JZxtnE']
  ignore line: [Building C object CMakeFiles/cmTC_49bac.dir/CMakeCCompilerABI.c.o]
  ignore line: [/home/bagrorg/anaconda3/envs/omnisci-dev/bin/clang   -fcolor-diagnostics   -v -MD -MT CMakeFiles/cmTC_49bac.dir/CMakeCCompilerABI.c.o -MF CMakeFiles/cmTC_49bac.dir/CMakeCCompilerABI.c.o.d -o CMakeFiles/cmTC_49bac.dir/CMakeCCompilerABI.c.o -c /home/bagrorg/anaconda3/envs/omnisci-dev/share/cmake-3.25/Modules/CMakeCCompilerABI.c]
  ignore line: [clang version 14.0.6 (https://github.com/conda-forge/clangdev-feedstock 28f7809e7f4286b203af212a154f5a8327bd6fd6)]
  ignore line: [Target: x86_64-unknown-linux-gnu]
  ignore line: [Thread model: posix]
  ignore line: [InstalledDir: /home/bagrorg/anaconda3/envs/omnisci-dev/bin]
  ignore line: [Found candidate GCC installation: /home/bagrorg/anaconda3/envs/omnisci-dev/bin/../lib/gcc/x86_64-conda-linux-gnu/12.2.0]
  ignore line: [Selected GCC installation: /home/bagrorg/anaconda3/envs/omnisci-dev/bin/../lib/gcc/x86_64-conda-linux-gnu/12.2.0]
  ignore line: [Candidate multilib: .]
  ignore line: [@m64]
  ignore line: [Selected multilib: .]
  ignore line: [@m64]
  ignore line: [Found CUDA installation: /usr/local/cuda  version ]
  ignore line: [ (in-process)]
  ignore line: [ "/home/bagrorg/anaconda3/envs/omnisci-dev/bin/clang-14" -cc1 -triple x86_64-unknown-linux-gnu -emit-obj -mrelax-all --mrelax-relocations -disable-free -clear-ast-before-backend -disable-llvm-verifier -discard-value-names -main-file-name CMakeCCompilerABI.c -mrelocation-model static -mframe-pointer=all -fmath-errno -ffp-contract=on -fno-rounding-math -mconstructor-aliases -funwind-tables=2 -target-cpu x86-64 -tune-cpu generic -mllvm -treat-scalable-fixed-error-as-warning -debugger-tuning=gdb -v -fcoverage-compilation-dir=/home/bagrorg/Documents/thesis/hdk/cmake-build-debug-conda/CMakeFiles/CMakeScratch/TryCompile-JZxtnE -resource-dir /home/bagrorg/anaconda3/envs/omnisci-dev/lib/clang/14.0.6 -dependency-file CMakeFiles/cmTC_49bac.dir/CMakeCCompilerABI.c.o.d -MT CMakeFiles/cmTC_49bac.dir/CMakeCCompilerABI.c.o -sys-header-deps -internal-isystem /home/bagrorg/anaconda3/envs/omnisci-dev/lib/clang/14.0.6/include -internal-isystem /home/bagrorg/anaconda3/envs/omnisci-dev/bin/../lib/gcc/x86_64-conda-linux-gnu/12.2.0/../../../../x86_64-conda-linux-gnu/sysroot/usr/local/include -internal-isystem /home/bagrorg/anaconda3/envs/omnisci-dev/bin/../lib/gcc/x86_64-conda-linux-gnu/12.2.0/../../../../x86_64-conda-linux-gnu/include -internal-externc-isystem /home/bagrorg/anaconda3/envs/omnisci-dev/bin/../lib/gcc/x86_64-conda-linux-gnu/12.2.0/../../../../x86_64-conda-linux-gnu/sysroot/include -internal-externc-isystem /home/bagrorg/anaconda3/envs/omnisci-dev/bin/../lib/gcc/x86_64-conda-linux-gnu/12.2.0/../../../../x86_64-conda-linux-gnu/sysroot/usr/include -fdebug-compilation-dir=/home/bagrorg/Documents/thesis/hdk/cmake-build-debug-conda/CMakeFiles/CMakeScratch/TryCompile-JZxtnE -ferror-limit 19 -fgnuc-version=4.2.1 -fcolor-diagnostics -faddrsig -D__GCC_HAVE_DWARF2_CFI_ASM=1 -o CMakeFiles/cmTC_49bac.dir/CMakeCCompilerABI.c.o -x c /home/bagrorg/anaconda3/envs/omnisci-dev/share/cmake-3.25/Modules/CMakeCCompilerABI.c]
  ignore line: [clang -cc1 version 14.0.6 based upon LLVM 14.0.6 default target x86_64-unknown-linux-gnu]
  ignore line: [ignoring nonexistent directory "/home/bagrorg/anaconda3/envs/omnisci-dev/bin/../lib/gcc/x86_64-conda-linux-gnu/12.2.0/../../../../x86_64-conda-linux-gnu/sysroot/usr/local/include"]
  ignore line: [ignoring nonexistent directory "/home/bagrorg/anaconda3/envs/omnisci-dev/bin/../lib/gcc/x86_64-conda-linux-gnu/12.2.0/../../../../x86_64-conda-linux-gnu/sysroot/include"]
  ignore line: [#include "..." search starts here:]
  ignore line: [#include <...> search starts here:]
  ignore line: [ /home/bagrorg/anaconda3/envs/omnisci-dev/lib/clang/14.0.6/include]
  ignore line: [ /home/bagrorg/anaconda3/envs/omnisci-dev/bin/../lib/gcc/x86_64-conda-linux-gnu/12.2.0/../../../../x86_64-conda-linux-gnu/include]
  ignore line: [ /home/bagrorg/anaconda3/envs/omnisci-dev/bin/../lib/gcc/x86_64-conda-linux-gnu/12.2.0/../../../../x86_64-conda-linux-gnu/sysroot/usr/include]
  ignore line: [End of search list.]
  ignore line: [Linking C executable cmTC_49bac]
  ignore line: [/home/bagrorg/anaconda3/envs/omnisci-dev/bin/cmake -E cmake_link_script CMakeFiles/cmTC_49bac.dir/link.txt --verbose=1]
  ignore line: [/home/bagrorg/anaconda3/envs/omnisci-dev/bin/clang  -v CMakeFiles/cmTC_49bac.dir/CMakeCCompilerABI.c.o -o cmTC_49bac ]
  ignore line: [clang version 14.0.6 (https://github.com/conda-forge/clangdev-feedstock 28f7809e7f4286b203af212a154f5a8327bd6fd6)]
  ignore line: [Target: x86_64-unknown-linux-gnu]
  ignore line: [Thread model: posix]
  ignore line: [InstalledDir: /home/bagrorg/anaconda3/envs/omnisci-dev/bin]
  ignore line: [Found candidate GCC installation: /home/bagrorg/anaconda3/envs/omnisci-dev/bin/../lib/gcc/x86_64-conda-linux-gnu/12.2.0]
  ignore line: [Selected GCC installation: /home/bagrorg/anaconda3/envs/omnisci-dev/bin/../lib/gcc/x86_64-conda-linux-gnu/12.2.0]
  ignore line: [Candidate multilib: .]
  ignore line: [@m64]
  ignore line: [Selected multilib: .]
  ignore line: [@m64]
  ignore line: [Found CUDA installation: /usr/local/cuda  version ]
  link line: [ "/home/bagrorg/anaconda3/envs/omnisci-dev/bin/ld" -z relro --hash-style=gnu --eh-frame-hdr -m elf_x86_64 -dynamic-linker /lib64/ld-linux-x86-64.so.2 -o cmTC_49bac /home/bagrorg/anaconda3/envs/omnisci-dev/bin/../lib/gcc/x86_64-conda-linux-gnu/12.2.0/../../../../x86_64-conda-linux-gnu/sysroot/usr/lib/../lib64/crt1.o /home/bagrorg/anaconda3/envs/omnisci-dev/bin/../lib/gcc/x86_64-conda-linux-gnu/12.2.0/../../../../x86_64-conda-linux-gnu/sysroot/usr/lib/../lib64/crti.o /home/bagrorg/anaconda3/envs/omnisci-dev/bin/../lib/gcc/x86_64-conda-linux-gnu/12.2.0/crtbegin.o -L/home/bagrorg/anaconda3/envs/omnisci-dev/bin/../lib/gcc/x86_64-conda-linux-gnu/12.2.0 -L/home/bagrorg/anaconda3/envs/omnisci-dev/bin/../lib/gcc/x86_64-conda-linux-gnu/12.2.0/../../../../x86_64-conda-linux-gnu/sysroot/lib/../lib64 -L/home/bagrorg/anaconda3/envs/omnisci-dev/bin/../lib/gcc/x86_64-conda-linux-gnu/12.2.0/../../../../x86_64-conda-linux-gnu/sysroot/usr/lib/../lib64 -L/home/bagrorg/anaconda3/envs/omnisci-dev/bin/../lib/gcc/x86_64-conda-linux-gnu/12.2.0/../../../../x86_64-conda-linux-gnu/lib -L/home/bagrorg/anaconda3/envs/omnisci-dev/bin/../lib/gcc/x86_64-conda-linux-gnu/12.2.0/../../../../x86_64-conda-linux-gnu/sysroot/lib -L/home/bagrorg/anaconda3/envs/omnisci-dev/bin/../lib/gcc/x86_64-conda-linux-gnu/12.2.0/../../../../x86_64-conda-linux-gnu/sysroot/usr/lib CMakeFiles/cmTC_49bac.dir/CMakeCCompilerABI.c.o -lgcc --as-needed -lgcc_s --no-as-needed -lc -lgcc --as-needed -lgcc_s --no-as-needed /home/bagrorg/anaconda3/envs/omnisci-dev/bin/../lib/gcc/x86_64-conda-linux-gnu/12.2.0/crtend.o /home/bagrorg/anaconda3/envs/omnisci-dev/bin/../lib/gcc/x86_64-conda-linux-gnu/12.2.0/../../../../x86_64-conda-linux-gnu/sysroot/usr/lib/../lib64/crtn.o]
    arg [/home/bagrorg/anaconda3/envs/omnisci-dev/bin/ld] ==> ignore
    arg [-zrelro] ==> ignore
    arg [--hash-style=gnu] ==> ignore
    arg [--eh-frame-hdr] ==> ignore
    arg [-m] ==> ignore
    arg [elf_x86_64] ==> ignore
    arg [-dynamic-linker] ==> ignore
    arg [/lib64/ld-linux-x86-64.so.2] ==> ignore
    arg [-o] ==> ignore
    arg [cmTC_49bac] ==> ignore
    arg [/home/bagrorg/anaconda3/envs/omnisci-dev/bin/../lib/gcc/x86_64-conda-linux-gnu/12.2.0/../../../../x86_64-conda-linux-gnu/sysroot/usr/lib/../lib64/crt1.o] ==> obj [/home/bagrorg/anaconda3/envs/omnisci-dev/bin/../lib/gcc/x86_64-conda-linux-gnu/12.2.0/../../../../x86_64-conda-linux-gnu/sysroot/usr/lib/../lib64/crt1.o]
    arg [/home/bagrorg/anaconda3/envs/omnisci-dev/bin/../lib/gcc/x86_64-conda-linux-gnu/12.2.0/../../../../x86_64-conda-linux-gnu/sysroot/usr/lib/../lib64/crti.o] ==> obj [/home/bagrorg/anaconda3/envs/omnisci-dev/bin/../lib/gcc/x86_64-conda-linux-gnu/12.2.0/../../../../x86_64-conda-linux-gnu/sysroot/usr/lib/../lib64/crti.o]
    arg [/home/bagrorg/anaconda3/envs/omnisci-dev/bin/../lib/gcc/x86_64-conda-linux-gnu/12.2.0/crtbegin.o] ==> obj [/home/bagrorg/anaconda3/envs/omnisci-dev/bin/../lib/gcc/x86_64-conda-linux-gnu/12.2.0/crtbegin.o]
    arg [-L/home/bagrorg/anaconda3/envs/omnisci-dev/bin/../lib/gcc/x86_64-conda-linux-gnu/12.2.0] ==> dir [/home/bagrorg/anaconda3/envs/omnisci-dev/bin/../lib/gcc/x86_64-conda-linux-gnu/12.2.0]
    arg [-L/home/bagrorg/anaconda3/envs/omnisci-dev/bin/../lib/gcc/x86_64-conda-linux-gnu/12.2.0/../../../../x86_64-conda-linux-gnu/sysroot/lib/../lib64] ==> dir [/home/bagrorg/anaconda3/envs/omnisci-dev/bin/../lib/gcc/x86_64-conda-linux-gnu/12.2.0/../../../../x86_64-conda-linux-gnu/sysroot/lib/../lib64]
    arg [-L/home/bagrorg/anaconda3/envs/omnisci-dev/bin/../lib/gcc/x86_64-conda-linux-gnu/12.2.0/../../../../x86_64-conda-linux-gnu/sysroot/usr/lib/../lib64] ==> dir [/home/bagrorg/anaconda3/envs/omnisci-dev/bin/../lib/gcc/x86_64-conda-linux-gnu/12.2.0/../../../../x86_64-conda-linux-gnu/sysroot/usr/lib/../lib64]
    arg [-L/home/bagrorg/anaconda3/envs/omnisci-dev/bin/../lib/gcc/x86_64-conda-linux-gnu/12.2.0/../../../../x86_64-conda-linux-gnu/lib] ==> dir [/home/bagrorg/anaconda3/envs/omnisci-dev/bin/../lib/gcc/x86_64-conda-linux-gnu/12.2.0/../../../../x86_64-conda-linux-gnu/lib]
    arg [-L/home/bagrorg/anaconda3/envs/omnisci-dev/bin/../lib/gcc/x86_64-conda-linux-gnu/12.2.0/../../../../x86_64-conda-linux-gnu/sysroot/lib] ==> dir [/home/bagrorg/anaconda3/envs/omnisci-dev/bin/../lib/gcc/x86_64-conda-linux-gnu/12.2.0/../../../../x86_64-conda-linux-gnu/sysroot/lib]
    arg [-L/home/bagrorg/anaconda3/envs/omnisci-dev/bin/../lib/gcc/x86_64-conda-linux-gnu/12.2.0/../../../../x86_64-conda-linux-gnu/sysroot/usr/lib] ==> dir [/home/bagrorg/anaconda3/envs/omnisci-dev/bin/../lib/gcc/x86_64-conda-linux-gnu/12.2.0/../../../../x86_64-conda-linux-gnu/sysroot/usr/lib]
    arg [CMakeFiles/cmTC_49bac.dir/CMakeCCompilerABI.c.o] ==> ignore
    arg [-lgcc] ==> lib [gcc]
    arg [--as-needed] ==> ignore
    arg [-lgcc_s] ==> lib [gcc_s]
    arg [--no-as-needed] ==> ignore
    arg [-lc] ==> lib [c]
    arg [-lgcc] ==> lib [gcc]
    arg [--as-needed] ==> ignore
    arg [-lgcc_s] ==> lib [gcc_s]
    arg [--no-as-needed] ==> ignore
    arg [/home/bagrorg/anaconda3/envs/omnisci-dev/bin/../lib/gcc/x86_64-conda-linux-gnu/12.2.0/crtend.o] ==> obj [/home/bagrorg/anaconda3/envs/omnisci-dev/bin/../lib/gcc/x86_64-conda-linux-gnu/12.2.0/crtend.o]
    arg [/home/bagrorg/anaconda3/envs/omnisci-dev/bin/../lib/gcc/x86_64-conda-linux-gnu/12.2.0/../../../../x86_64-conda-linux-gnu/sysroot/usr/lib/../lib64/crtn.o] ==> obj [/home/bagrorg/anaconda3/envs/omnisci-dev/bin/../lib/gcc/x86_64-conda-linux-gnu/12.2.0/../../../../x86_64-conda-linux-gnu/sysroot/usr/lib/../lib64/crtn.o]
  collapse obj [/home/bagrorg/anaconda3/envs/omnisci-dev/bin/../lib/gcc/x86_64-conda-linux-gnu/12.2.0/../../../../x86_64-conda-linux-gnu/sysroot/usr/lib/../lib64/crt1.o] ==> [/home/bagrorg/anaconda3/envs/omnisci-dev/x86_64-conda-linux-gnu/sysroot/usr/lib64/crt1.o]
  collapse obj [/home/bagrorg/anaconda3/envs/omnisci-dev/bin/../lib/gcc/x86_64-conda-linux-gnu/12.2.0/../../../../x86_64-conda-linux-gnu/sysroot/usr/lib/../lib64/crti.o] ==> [/home/bagrorg/anaconda3/envs/omnisci-dev/x86_64-conda-linux-gnu/sysroot/usr/lib64/crti.o]
  collapse obj [/home/bagrorg/anaconda3/envs/omnisci-dev/bin/../lib/gcc/x86_64-conda-linux-gnu/12.2.0/crtbegin.o] ==> [/home/bagrorg/anaconda3/envs/omnisci-dev/lib/gcc/x86_64-conda-linux-gnu/12.2.0/crtbegin.o]
  collapse obj [/home/bagrorg/anaconda3/envs/omnisci-dev/bin/../lib/gcc/x86_64-conda-linux-gnu/12.2.0/crtend.o] ==> [/home/bagrorg/anaconda3/envs/omnisci-dev/lib/gcc/x86_64-conda-linux-gnu/12.2.0/crtend.o]
  collapse obj [/home/bagrorg/anaconda3/envs/omnisci-dev/bin/../lib/gcc/x86_64-conda-linux-gnu/12.2.0/../../../../x86_64-conda-linux-gnu/sysroot/usr/lib/../lib64/crtn.o] ==> [/home/bagrorg/anaconda3/envs/omnisci-dev/x86_64-conda-linux-gnu/sysroot/usr/lib64/crtn.o]
  collapse library dir [/home/bagrorg/anaconda3/envs/omnisci-dev/bin/../lib/gcc/x86_64-conda-linux-gnu/12.2.0] ==> [/home/bagrorg/anaconda3/envs/omnisci-dev/lib/gcc/x86_64-conda-linux-gnu/12.2.0]
  collapse library dir [/home/bagrorg/anaconda3/envs/omnisci-dev/bin/../lib/gcc/x86_64-conda-linux-gnu/12.2.0/../../../../x86_64-conda-linux-gnu/sysroot/lib/../lib64] ==> [/home/bagrorg/anaconda3/envs/omnisci-dev/x86_64-conda-linux-gnu/sysroot/lib64]
  collapse library dir [/home/bagrorg/anaconda3/envs/omnisci-dev/bin/../lib/gcc/x86_64-conda-linux-gnu/12.2.0/../../../../x86_64-conda-linux-gnu/sysroot/usr/lib/../lib64] ==> [/home/bagrorg/anaconda3/envs/omnisci-dev/x86_64-conda-linux-gnu/sysroot/usr/lib64]
  collapse library dir [/home/bagrorg/anaconda3/envs/omnisci-dev/bin/../lib/gcc/x86_64-conda-linux-gnu/12.2.0/../../../../x86_64-conda-linux-gnu/lib] ==> [/home/bagrorg/anaconda3/envs/omnisci-dev/x86_64-conda-linux-gnu/lib]
  collapse library dir [/home/bagrorg/anaconda3/envs/omnisci-dev/bin/../lib/gcc/x86_64-conda-linux-gnu/12.2.0/../../../../x86_64-conda-linux-gnu/sysroot/lib] ==> [/home/bagrorg/anaconda3/envs/omnisci-dev/x86_64-conda-linux-gnu/sysroot/lib]
  collapse library dir [/home/bagrorg/anaconda3/envs/omnisci-dev/bin/../lib/gcc/x86_64-conda-linux-gnu/12.2.0/../../../../x86_64-conda-linux-gnu/sysroot/usr/lib] ==> [/home/bagrorg/anaconda3/envs/omnisci-dev/x86_64-conda-linux-gnu/sysroot/usr/lib]
  implicit libs: [gcc;gcc_s;c;gcc;gcc_s]
  implicit objs: [/home/bagrorg/anaconda3/envs/omnisci-dev/x86_64-conda-linux-gnu/sysroot/usr/lib64/crt1.o;/home/bagrorg/anaconda3/envs/omnisci-dev/x86_64-conda-linux-gnu/sysroot/usr/lib64/crti.o;/home/bagrorg/anaconda3/envs/omnisci-dev/lib/gcc/x86_64-conda-linux-gnu/12.2.0/crtbegin.o;/home/bagrorg/anaconda3/envs/omnisci-dev/lib/gcc/x86_64-conda-linux-gnu/12.2.0/crtend.o;/home/bagrorg/anaconda3/envs/omnisci-dev/x86_64-conda-linux-gnu/sysroot/usr/lib64/crtn.o]
  implicit dirs: [/home/bagrorg/anaconda3/envs/omnisci-dev/lib/gcc/x86_64-conda-linux-gnu/12.2.0;/home/bagrorg/anaconda3/envs/omnisci-dev/x86_64-conda-linux-gnu/sysroot/lib64;/home/bagrorg/anaconda3/envs/omnisci-dev/x86_64-conda-linux-gnu/sysroot/usr/lib64;/home/bagrorg/anaconda3/envs/omnisci-dev/x86_64-conda-linux-gnu/lib;/home/bagrorg/anaconda3/envs/omnisci-dev/x86_64-conda-linux-gnu/sysroot/lib;/home/bagrorg/anaconda3/envs/omnisci-dev/x86_64-conda-linux-gnu/sysroot/usr/lib]
  implicit fwks: []


Detecting CXX compiler ABI info compiled with the following output:
Change Dir: /home/bagrorg/Documents/thesis/hdk/cmake-build-debug-conda/CMakeFiles/CMakeScratch/TryCompile-Cn1H0N

Run Build Command(s):/home/bagrorg/anaconda3/envs/omnisci-dev/bin/make -f Makefile cmTC_db695/fast && /home/bagrorg/anaconda3/envs/omnisci-dev/bin/make  -f CMakeFiles/cmTC_db695.dir/build.make CMakeFiles/cmTC_db695.dir/build
make[1]: Entering directory '/home/bagrorg/Documents/thesis/hdk/cmake-build-debug-conda/CMakeFiles/CMakeScratch/TryCompile-Cn1H0N'
Building CXX object CMakeFiles/cmTC_db695.dir/CMakeCXXCompilerABI.cpp.o
/home/bagrorg/anaconda3/envs/omnisci-dev/bin/clang++   -fcolor-diagnostics   -v -MD -MT CMakeFiles/cmTC_db695.dir/CMakeCXXCompilerABI.cpp.o -MF CMakeFiles/cmTC_db695.dir/CMakeCXXCompilerABI.cpp.o.d -o CMakeFiles/cmTC_db695.dir/CMakeCXXCompilerABI.cpp.o -c /home/bagrorg/anaconda3/envs/omnisci-dev/share/cmake-3.25/Modules/CMakeCXXCompilerABI.cpp
clang version 14.0.6 (https://github.com/conda-forge/clangdev-feedstock 28f7809e7f4286b203af212a154f5a8327bd6fd6)
Target: x86_64-unknown-linux-gnu
Thread model: posix
InstalledDir: /home/bagrorg/anaconda3/envs/omnisci-dev/bin
Found candidate GCC installation: /home/bagrorg/anaconda3/envs/omnisci-dev/bin/../lib/gcc/x86_64-conda-linux-gnu/12.2.0
Selected GCC installation: /home/bagrorg/anaconda3/envs/omnisci-dev/bin/../lib/gcc/x86_64-conda-linux-gnu/12.2.0
Candidate multilib: .;@m64
Selected multilib: .;@m64
Found CUDA installation: /usr/local/cuda, version 
 (in-process)
 "/home/bagrorg/anaconda3/envs/omnisci-dev/bin/clang-14" -cc1 -triple x86_64-unknown-linux-gnu -emit-obj -mrelax-all --mrelax-relocations -disable-free -clear-ast-before-backend -disable-llvm-verifier -discard-value-names -main-file-name CMakeCXXCompilerABI.cpp -mrelocation-model static -mframe-pointer=all -fmath-errno -ffp-contract=on -fno-rounding-math -mconstructor-aliases -funwind-tables=2 -target-cpu x86-64 -tune-cpu generic -mllvm -treat-scalable-fixed-error-as-warning -debugger-tuning=gdb -v -fcoverage-compilation-dir=/home/bagrorg/Documents/thesis/hdk/cmake-build-debug-conda/CMakeFiles/CMakeScratch/TryCompile-Cn1H0N -resource-dir /home/bagrorg/anaconda3/envs/omnisci-dev/lib/clang/14.0.6 -dependency-file CMakeFiles/cmTC_db695.dir/CMakeCXXCompilerABI.cpp.o.d -MT CMakeFiles/cmTC_db695.dir/CMakeCXXCompilerABI.cpp.o -sys-header-deps -internal-isystem /home/bagrorg/anaconda3/envs/omnisci-dev/bin/../lib/gcc/x86_64-conda-linux-gnu/12.2.0/../../../../x86_64-conda-linux-gnu/include/c++/12.2.0 -internal-isystem /home/bagrorg/anaconda3/envs/omnisci-dev/bin/../lib/gcc/x86_64-conda-linux-gnu/12.2.0/../../../../x86_64-conda-linux-gnu/include/c++/12.2.0/x86_64-conda-linux-gnu -internal-isystem /home/bagrorg/anaconda3/envs/omnisci-dev/bin/../lib/gcc/x86_64-conda-linux-gnu/12.2.0/../../../../x86_64-conda-linux-gnu/include/c++/12.2.0/backward -internal-isystem /home/bagrorg/anaconda3/envs/omnisci-dev/lib/clang/14.0.6/include -internal-isystem /home/bagrorg/anaconda3/envs/omnisci-dev/bin/../lib/gcc/x86_64-conda-linux-gnu/12.2.0/../../../../x86_64-conda-linux-gnu/sysroot/usr/local/include -internal-isystem /home/bagrorg/anaconda3/envs/omnisci-dev/bin/../lib/gcc/x86_64-conda-linux-gnu/12.2.0/../../../../x86_64-conda-linux-gnu/include -internal-externc-isystem /home/bagrorg/anaconda3/envs/omnisci-dev/bin/../lib/gcc/x86_64-conda-linux-gnu/12.2.0/../../../../x86_64-conda-linux-gnu/sysroot/include -internal-externc-isystem /home/bagrorg/anaconda3/envs/omnisci-dev/bin/../lib/gcc/x86_64-conda-linux-gnu/12.2.0/../../../../x86_64-conda-linux-gnu/sysroot/usr/include -fdeprecated-macro -fdebug-compilation-dir=/home/bagrorg/Documents/thesis/hdk/cmake-build-debug-conda/CMakeFiles/CMakeScratch/TryCompile-Cn1H0N -ferror-limit 19 -fgnuc-version=4.2.1 -fcxx-exceptions -fexceptions -fcolor-diagnostics -faddrsig -D__GCC_HAVE_DWARF2_CFI_ASM=1 -o CMakeFiles/cmTC_db695.dir/CMakeCXXCompilerABI.cpp.o -x c++ /home/bagrorg/anaconda3/envs/omnisci-dev/share/cmake-3.25/Modules/CMakeCXXCompilerABI.cpp
clang -cc1 version 14.0.6 based upon LLVM 14.0.6 default target x86_64-unknown-linux-gnu
ignoring nonexistent directory "/home/bagrorg/anaconda3/envs/omnisci-dev/bin/../lib/gcc/x86_64-conda-linux-gnu/12.2.0/../../../../x86_64-conda-linux-gnu/sysroot/usr/local/include"
ignoring nonexistent directory "/home/bagrorg/anaconda3/envs/omnisci-dev/bin/../lib/gcc/x86_64-conda-linux-gnu/12.2.0/../../../../x86_64-conda-linux-gnu/sysroot/include"
#include "..." search starts here:
#include <...> search starts here:
 /home/bagrorg/anaconda3/envs/omnisci-dev/bin/../lib/gcc/x86_64-conda-linux-gnu/12.2.0/../../../../x86_64-conda-linux-gnu/include/c++/12.2.0
 /home/bagrorg/anaconda3/envs/omnisci-dev/bin/../lib/gcc/x86_64-conda-linux-gnu/12.2.0/../../../../x86_64-conda-linux-gnu/include/c++/12.2.0/x86_64-conda-linux-gnu
 /home/bagrorg/anaconda3/envs/omnisci-dev/bin/../lib/gcc/x86_64-conda-linux-gnu/12.2.0/../../../../x86_64-conda-linux-gnu/include/c++/12.2.0/backward
 /home/bagrorg/anaconda3/envs/omnisci-dev/lib/clang/14.0.6/include
 /home/bagrorg/anaconda3/envs/omnisci-dev/bin/../lib/gcc/x86_64-conda-linux-gnu/12.2.0/../../../../x86_64-conda-linux-gnu/include
 /home/bagrorg/anaconda3/envs/omnisci-dev/bin/../lib/gcc/x86_64-conda-linux-gnu/12.2.0/../../../../x86_64-conda-linux-gnu/sysroot/usr/include
End of search list.
Linking CXX executable cmTC_db695
/home/bagrorg/anaconda3/envs/omnisci-dev/bin/cmake -E cmake_link_script CMakeFiles/cmTC_db695.dir/link.txt --verbose=1
/home/bagrorg/anaconda3/envs/omnisci-dev/bin/clang++  -v CMakeFiles/cmTC_db695.dir/CMakeCXXCompilerABI.cpp.o -o cmTC_db695 
clang version 14.0.6 (https://github.com/conda-forge/clangdev-feedstock 28f7809e7f4286b203af212a154f5a8327bd6fd6)
Target: x86_64-unknown-linux-gnu
Thread model: posix
InstalledDir: /home/bagrorg/anaconda3/envs/omnisci-dev/bin
Found candidate GCC installation: /home/bagrorg/anaconda3/envs/omnisci-dev/bin/../lib/gcc/x86_64-conda-linux-gnu/12.2.0
Selected GCC installation: /home/bagrorg/anaconda3/envs/omnisci-dev/bin/../lib/gcc/x86_64-conda-linux-gnu/12.2.0
Candidate multilib: .;@m64
Selected multilib: .;@m64
Found CUDA installation: /usr/local/cuda, version 
 "/home/bagrorg/anaconda3/envs/omnisci-dev/bin/ld" -z relro --hash-style=gnu --eh-frame-hdr -m elf_x86_64 -dynamic-linker /lib64/ld-linux-x86-64.so.2 -o cmTC_db695 /home/bagrorg/anaconda3/envs/omnisci-dev/bin/../lib/gcc/x86_64-conda-linux-gnu/12.2.0/../../../../x86_64-conda-linux-gnu/sysroot/usr/lib/../lib64/crt1.o /home/bagrorg/anaconda3/envs/omnisci-dev/bin/../lib/gcc/x86_64-conda-linux-gnu/12.2.0/../../../../x86_64-conda-linux-gnu/sysroot/usr/lib/../lib64/crti.o /home/bagrorg/anaconda3/envs/omnisci-dev/bin/../lib/gcc/x86_64-conda-linux-gnu/12.2.0/crtbegin.o -L/home/bagrorg/anaconda3/envs/omnisci-dev/bin/../lib/gcc/x86_64-conda-linux-gnu/12.2.0 -L/home/bagrorg/anaconda3/envs/omnisci-dev/bin/../lib/gcc/x86_64-conda-linux-gnu/12.2.0/../../../../x86_64-conda-linux-gnu/sysroot/lib/../lib64 -L/home/bagrorg/anaconda3/envs/omnisci-dev/bin/../lib/gcc/x86_64-conda-linux-gnu/12.2.0/../../../../x86_64-conda-linux-gnu/sysroot/usr/lib/../lib64 -L/home/bagrorg/anaconda3/envs/omnisci-dev/bin/../lib/gcc/x86_64-conda-linux-gnu/12.2.0/../../../../x86_64-conda-linux-gnu/lib -L/home/bagrorg/anaconda3/envs/omnisci-dev/bin/../lib/gcc/x86_64-conda-linux-gnu/12.2.0/../../../../x86_64-conda-linux-gnu/sysroot/lib -L/home/bagrorg/anaconda3/envs/omnisci-dev/bin/../lib/gcc/x86_64-conda-linux-gnu/12.2.0/../../../../x86_64-conda-linux-gnu/sysroot/usr/lib CMakeFiles/cmTC_db695.dir/CMakeCXXCompilerABI.cpp.o -lstdc++ -lm -lgcc_s -lgcc -lc -lgcc_s -lgcc /home/bagrorg/anaconda3/envs/omnisci-dev/bin/../lib/gcc/x86_64-conda-linux-gnu/12.2.0/crtend.o /home/bagrorg/anaconda3/envs/omnisci-dev/bin/../lib/gcc/x86_64-conda-linux-gnu/12.2.0/../../../../x86_64-conda-linux-gnu/sysroot/usr/lib/../lib64/crtn.o
make[1]: Leaving directory '/home/bagrorg/Documents/thesis/hdk/cmake-build-debug-conda/CMakeFiles/CMakeScratch/TryCompile-Cn1H0N'



Parsed CXX implicit include dir info from above output: rv=done
  found start of include info
  found start of implicit include info
    add: [/home/bagrorg/anaconda3/envs/omnisci-dev/bin/../lib/gcc/x86_64-conda-linux-gnu/12.2.0/../../../../x86_64-conda-linux-gnu/include/c++/12.2.0]
    add: [/home/bagrorg/anaconda3/envs/omnisci-dev/bin/../lib/gcc/x86_64-conda-linux-gnu/12.2.0/../../../../x86_64-conda-linux-gnu/include/c++/12.2.0/x86_64-conda-linux-gnu]
    add: [/home/bagrorg/anaconda3/envs/omnisci-dev/bin/../lib/gcc/x86_64-conda-linux-gnu/12.2.0/../../../../x86_64-conda-linux-gnu/include/c++/12.2.0/backward]
    add: [/home/bagrorg/anaconda3/envs/omnisci-dev/lib/clang/14.0.6/include]
    add: [/home/bagrorg/anaconda3/envs/omnisci-dev/bin/../lib/gcc/x86_64-conda-linux-gnu/12.2.0/../../../../x86_64-conda-linux-gnu/include]
    add: [/home/bagrorg/anaconda3/envs/omnisci-dev/bin/../lib/gcc/x86_64-conda-linux-gnu/12.2.0/../../../../x86_64-conda-linux-gnu/sysroot/usr/include]
  end of search list found
  collapse include dir [/home/bagrorg/anaconda3/envs/omnisci-dev/bin/../lib/gcc/x86_64-conda-linux-gnu/12.2.0/../../../../x86_64-conda-linux-gnu/include/c++/12.2.0] ==> [/home/bagrorg/anaconda3/envs/omnisci-dev/x86_64-conda-linux-gnu/include/c++/12.2.0]
  collapse include dir [/home/bagrorg/anaconda3/envs/omnisci-dev/bin/../lib/gcc/x86_64-conda-linux-gnu/12.2.0/../../../../x86_64-conda-linux-gnu/include/c++/12.2.0/x86_64-conda-linux-gnu] ==> [/home/bagrorg/anaconda3/envs/omnisci-dev/x86_64-conda-linux-gnu/include/c++/12.2.0/x86_64-conda-linux-gnu]
  collapse include dir [/home/bagrorg/anaconda3/envs/omnisci-dev/bin/../lib/gcc/x86_64-conda-linux-gnu/12.2.0/../../../../x86_64-conda-linux-gnu/include/c++/12.2.0/backward] ==> [/home/bagrorg/anaconda3/envs/omnisci-dev/x86_64-conda-linux-gnu/include/c++/12.2.0/backward]
  collapse include dir [/home/bagrorg/anaconda3/envs/omnisci-dev/lib/clang/14.0.6/include] ==> [/home/bagrorg/anaconda3/envs/omnisci-dev/lib/clang/14.0.6/include]
  collapse include dir [/home/bagrorg/anaconda3/envs/omnisci-dev/bin/../lib/gcc/x86_64-conda-linux-gnu/12.2.0/../../../../x86_64-conda-linux-gnu/include] ==> [/home/bagrorg/anaconda3/envs/omnisci-dev/x86_64-conda-linux-gnu/include]
  collapse include dir [/home/bagrorg/anaconda3/envs/omnisci-dev/bin/../lib/gcc/x86_64-conda-linux-gnu/12.2.0/../../../../x86_64-conda-linux-gnu/sysroot/usr/include] ==> [/home/bagrorg/anaconda3/envs/omnisci-dev/x86_64-conda-linux-gnu/sysroot/usr/include]
  implicit include dirs: [/home/bagrorg/anaconda3/envs/omnisci-dev/x86_64-conda-linux-gnu/include/c++/12.2.0;/home/bagrorg/anaconda3/envs/omnisci-dev/x86_64-conda-linux-gnu/include/c++/12.2.0/x86_64-conda-linux-gnu;/home/bagrorg/anaconda3/envs/omnisci-dev/x86_64-conda-linux-gnu/include/c++/12.2.0/backward;/home/bagrorg/anaconda3/envs/omnisci-dev/lib/clang/14.0.6/include;/home/bagrorg/anaconda3/envs/omnisci-dev/x86_64-conda-linux-gnu/include;/home/bagrorg/anaconda3/envs/omnisci-dev/x86_64-conda-linux-gnu/sysroot/usr/include]


Parsed CXX implicit link information from above output:
  link line regex: [^( *|.*[/\])(ld|CMAKE_LINK_STARTFILE-NOTFOUND|([^/\]+-)?ld|collect2)[^/\]*( |$)]
  ignore line: [Change Dir: /home/bagrorg/Documents/thesis/hdk/cmake-build-debug-conda/CMakeFiles/CMakeScratch/TryCompile-Cn1H0N]
  ignore line: []
  ignore line: [Run Build Command(s):/home/bagrorg/anaconda3/envs/omnisci-dev/bin/make -f Makefile cmTC_db695/fast && /home/bagrorg/anaconda3/envs/omnisci-dev/bin/make  -f CMakeFiles/cmTC_db695.dir/build.make CMakeFiles/cmTC_db695.dir/build]
  ignore line: [make[1]: Entering directory '/home/bagrorg/Documents/thesis/hdk/cmake-build-debug-conda/CMakeFiles/CMakeScratch/TryCompile-Cn1H0N']
  ignore line: [Building CXX object CMakeFiles/cmTC_db695.dir/CMakeCXXCompilerABI.cpp.o]
  ignore line: [/home/bagrorg/anaconda3/envs/omnisci-dev/bin/clang++   -fcolor-diagnostics   -v -MD -MT CMakeFiles/cmTC_db695.dir/CMakeCXXCompilerABI.cpp.o -MF CMakeFiles/cmTC_db695.dir/CMakeCXXCompilerABI.cpp.o.d -o CMakeFiles/cmTC_db695.dir/CMakeCXXCompilerABI.cpp.o -c /home/bagrorg/anaconda3/envs/omnisci-dev/share/cmake-3.25/Modules/CMakeCXXCompilerABI.cpp]
  ignore line: [clang version 14.0.6 (https://github.com/conda-forge/clangdev-feedstock 28f7809e7f4286b203af212a154f5a8327bd6fd6)]
  ignore line: [Target: x86_64-unknown-linux-gnu]
  ignore line: [Thread model: posix]
  ignore line: [InstalledDir: /home/bagrorg/anaconda3/envs/omnisci-dev/bin]
  ignore line: [Found candidate GCC installation: /home/bagrorg/anaconda3/envs/omnisci-dev/bin/../lib/gcc/x86_64-conda-linux-gnu/12.2.0]
  ignore line: [Selected GCC installation: /home/bagrorg/anaconda3/envs/omnisci-dev/bin/../lib/gcc/x86_64-conda-linux-gnu/12.2.0]
  ignore line: [Candidate multilib: .]
  ignore line: [@m64]
  ignore line: [Selected multilib: .]
  ignore line: [@m64]
  ignore line: [Found CUDA installation: /usr/local/cuda  version ]
  ignore line: [ (in-process)]
  ignore line: [ "/home/bagrorg/anaconda3/envs/omnisci-dev/bin/clang-14" -cc1 -triple x86_64-unknown-linux-gnu -emit-obj -mrelax-all --mrelax-relocations -disable-free -clear-ast-before-backend -disable-llvm-verifier -discard-value-names -main-file-name CMakeCXXCompilerABI.cpp -mrelocation-model static -mframe-pointer=all -fmath-errno -ffp-contract=on -fno-rounding-math -mconstructor-aliases -funwind-tables=2 -target-cpu x86-64 -tune-cpu generic -mllvm -treat-scalable-fixed-error-as-warning -debugger-tuning=gdb -v -fcoverage-compilation-dir=/home/bagrorg/Documents/thesis/hdk/cmake-build-debug-conda/CMakeFiles/CMakeScratch/TryCompile-Cn1H0N -resource-dir /home/bagrorg/anaconda3/envs/omnisci-dev/lib/clang/14.0.6 -dependency-file CMakeFiles/cmTC_db695.dir/CMakeCXXCompilerABI.cpp.o.d -MT CMakeFiles/cmTC_db695.dir/CMakeCXXCompilerABI.cpp.o -sys-header-deps -internal-isystem /home/bagrorg/anaconda3/envs/omnisci-dev/bin/../lib/gcc/x86_64-conda-linux-gnu/12.2.0/../../../../x86_64-conda-linux-gnu/include/c++/12.2.0 -internal-isystem /home/bagrorg/anaconda3/envs/omnisci-dev/bin/../lib/gcc/x86_64-conda-linux-gnu/12.2.0/../../../../x86_64-conda-linux-gnu/include/c++/12.2.0/x86_64-conda-linux-gnu -internal-isystem /home/bagrorg/anaconda3/envs/omnisci-dev/bin/../lib/gcc/x86_64-conda-linux-gnu/12.2.0/../../../../x86_64-conda-linux-gnu/include/c++/12.2.0/backward -internal-isystem /home/bagrorg/anaconda3/envs/omnisci-dev/lib/clang/14.0.6/include -internal-isystem /home/bagrorg/anaconda3/envs/omnisci-dev/bin/../lib/gcc/x86_64-conda-linux-gnu/12.2.0/../../../../x86_64-conda-linux-gnu/sysroot/usr/local/include -internal-isystem /home/bagrorg/anaconda3/envs/omnisci-dev/bin/../lib/gcc/x86_64-conda-linux-gnu/12.2.0/../../../../x86_64-conda-linux-gnu/include -internal-externc-isystem /home/bagrorg/anaconda3/envs/omnisci-dev/bin/../lib/gcc/x86_64-conda-linux-gnu/12.2.0/../../../../x86_64-conda-linux-gnu/sysroot/include -internal-externc-isystem /home/bagrorg/anaconda3/envs/omnisci-dev/bin/../lib/gcc/x86_64-conda-linux-gnu/12.2.0/../../../../x86_64-conda-linux-gnu/sysroot/usr/include -fdeprecated-macro -fdebug-compilation-dir=/home/bagrorg/Documents/thesis/hdk/cmake-build-debug-conda/CMakeFiles/CMakeScratch/TryCompile-Cn1H0N -ferror-limit 19 -fgnuc-version=4.2.1 -fcxx-exceptions -fexceptions -fcolor-diagnostics -faddrsig -D__GCC_HAVE_DWARF2_CFI_ASM=1 -o CMakeFiles/cmTC_db695.dir/CMakeCXXCompilerABI.cpp.o -x c++ /home/bagrorg/anaconda3/envs/omnisci-dev/share/cmake-3.25/Modules/CMakeCXXCompilerABI.cpp]
  ignore line: [clang -cc1 version 14.0.6 based upon LLVM 14.0.6 default target x86_64-unknown-linux-gnu]
  ignore line: [ignoring nonexistent directory "/home/bagrorg/anaconda3/envs/omnisci-dev/bin/../lib/gcc/x86_64-conda-linux-gnu/12.2.0/../../../../x86_64-conda-linux-gnu/sysroot/usr/local/include"]
  ignore line: [ignoring nonexistent directory "/home/bagrorg/anaconda3/envs/omnisci-dev/bin/../lib/gcc/x86_64-conda-linux-gnu/12.2.0/../../../../x86_64-conda-linux-gnu/sysroot/include"]
  ignore line: [#include "..." search starts here:]
  ignore line: [#include <...> search starts here:]
  ignore line: [ /home/bagrorg/anaconda3/envs/omnisci-dev/bin/../lib/gcc/x86_64-conda-linux-gnu/12.2.0/../../../../x86_64-conda-linux-gnu/include/c++/12.2.0]
  ignore line: [ /home/bagrorg/anaconda3/envs/omnisci-dev/bin/../lib/gcc/x86_64-conda-linux-gnu/12.2.0/../../../../x86_64-conda-linux-gnu/include/c++/12.2.0/x86_64-conda-linux-gnu]
  ignore line: [ /home/bagrorg/anaconda3/envs/omnisci-dev/bin/../lib/gcc/x86_64-conda-linux-gnu/12.2.0/../../../../x86_64-conda-linux-gnu/include/c++/12.2.0/backward]
  ignore line: [ /home/bagrorg/anaconda3/envs/omnisci-dev/lib/clang/14.0.6/include]
  ignore line: [ /home/bagrorg/anaconda3/envs/omnisci-dev/bin/../lib/gcc/x86_64-conda-linux-gnu/12.2.0/../../../../x86_64-conda-linux-gnu/include]
  ignore line: [ /home/bagrorg/anaconda3/envs/omnisci-dev/bin/../lib/gcc/x86_64-conda-linux-gnu/12.2.0/../../../../x86_64-conda-linux-gnu/sysroot/usr/include]
  ignore line: [End of search list.]
  ignore line: [Linking CXX executable cmTC_db695]
  ignore line: [/home/bagrorg/anaconda3/envs/omnisci-dev/bin/cmake -E cmake_link_script CMakeFiles/cmTC_db695.dir/link.txt --verbose=1]
  ignore line: [/home/bagrorg/anaconda3/envs/omnisci-dev/bin/clang++  -v CMakeFiles/cmTC_db695.dir/CMakeCXXCompilerABI.cpp.o -o cmTC_db695 ]
  ignore line: [clang version 14.0.6 (https://github.com/conda-forge/clangdev-feedstock 28f7809e7f4286b203af212a154f5a8327bd6fd6)]
  ignore line: [Target: x86_64-unknown-linux-gnu]
  ignore line: [Thread model: posix]
  ignore line: [InstalledDir: /home/bagrorg/anaconda3/envs/omnisci-dev/bin]
  ignore line: [Found candidate GCC installation: /home/bagrorg/anaconda3/envs/omnisci-dev/bin/../lib/gcc/x86_64-conda-linux-gnu/12.2.0]
  ignore line: [Selected GCC installation: /home/bagrorg/anaconda3/envs/omnisci-dev/bin/../lib/gcc/x86_64-conda-linux-gnu/12.2.0]
  ignore line: [Candidate multilib: .]
  ignore line: [@m64]
  ignore line: [Selected multilib: .]
  ignore line: [@m64]
  ignore line: [Found CUDA installation: /usr/local/cuda  version ]
  link line: [ "/home/bagrorg/anaconda3/envs/omnisci-dev/bin/ld" -z relro --hash-style=gnu --eh-frame-hdr -m elf_x86_64 -dynamic-linker /lib64/ld-linux-x86-64.so.2 -o cmTC_db695 /home/bagrorg/anaconda3/envs/omnisci-dev/bin/../lib/gcc/x86_64-conda-linux-gnu/12.2.0/../../../../x86_64-conda-linux-gnu/sysroot/usr/lib/../lib64/crt1.o /home/bagrorg/anaconda3/envs/omnisci-dev/bin/../lib/gcc/x86_64-conda-linux-gnu/12.2.0/../../../../x86_64-conda-linux-gnu/sysroot/usr/lib/../lib64/crti.o /home/bagrorg/anaconda3/envs/omnisci-dev/bin/../lib/gcc/x86_64-conda-linux-gnu/12.2.0/crtbegin.o -L/home/bagrorg/anaconda3/envs/omnisci-dev/bin/../lib/gcc/x86_64-conda-linux-gnu/12.2.0 -L/home/bagrorg/anaconda3/envs/omnisci-dev/bin/../lib/gcc/x86_64-conda-linux-gnu/12.2.0/../../../../x86_64-conda-linux-gnu/sysroot/lib/../lib64 -L/home/bagrorg/anaconda3/envs/omnisci-dev/bin/../lib/gcc/x86_64-conda-linux-gnu/12.2.0/../../../../x86_64-conda-linux-gnu/sysroot/usr/lib/../lib64 -L/home/bagrorg/anaconda3/envs/omnisci-dev/bin/../lib/gcc/x86_64-conda-linux-gnu/12.2.0/../../../../x86_64-conda-linux-gnu/lib -L/home/bagrorg/anaconda3/envs/omnisci-dev/bin/../lib/gcc/x86_64-conda-linux-gnu/12.2.0/../../../../x86_64-conda-linux-gnu/sysroot/lib -L/home/bagrorg/anaconda3/envs/omnisci-dev/bin/../lib/gcc/x86_64-conda-linux-gnu/12.2.0/../../../../x86_64-conda-linux-gnu/sysroot/usr/lib CMakeFiles/cmTC_db695.dir/CMakeCXXCompilerABI.cpp.o -lstdc++ -lm -lgcc_s -lgcc -lc -lgcc_s -lgcc /home/bagrorg/anaconda3/envs/omnisci-dev/bin/../lib/gcc/x86_64-conda-linux-gnu/12.2.0/crtend.o /home/bagrorg/anaconda3/envs/omnisci-dev/bin/../lib/gcc/x86_64-conda-linux-gnu/12.2.0/../../../../x86_64-conda-linux-gnu/sysroot/usr/lib/../lib64/crtn.o]
    arg [/home/bagrorg/anaconda3/envs/omnisci-dev/bin/ld] ==> ignore
    arg [-zrelro] ==> ignore
    arg [--hash-style=gnu] ==> ignore
    arg [--eh-frame-hdr] ==> ignore
    arg [-m] ==> ignore
    arg [elf_x86_64] ==> ignore
    arg [-dynamic-linker] ==> ignore
    arg [/lib64/ld-linux-x86-64.so.2] ==> ignore
    arg [-o] ==> ignore
    arg [cmTC_db695] ==> ignore
    arg [/home/bagrorg/anaconda3/envs/omnisci-dev/bin/../lib/gcc/x86_64-conda-linux-gnu/12.2.0/../../../../x86_64-conda-linux-gnu/sysroot/usr/lib/../lib64/crt1.o] ==> obj [/home/bagrorg/anaconda3/envs/omnisci-dev/bin/../lib/gcc/x86_64-conda-linux-gnu/12.2.0/../../../../x86_64-conda-linux-gnu/sysroot/usr/lib/../lib64/crt1.o]
    arg [/home/bagrorg/anaconda3/envs/omnisci-dev/bin/../lib/gcc/x86_64-conda-linux-gnu/12.2.0/../../../../x86_64-conda-linux-gnu/sysroot/usr/lib/../lib64/crti.o] ==> obj [/home/bagrorg/anaconda3/envs/omnisci-dev/bin/../lib/gcc/x86_64-conda-linux-gnu/12.2.0/../../../../x86_64-conda-linux-gnu/sysroot/usr/lib/../lib64/crti.o]
    arg [/home/bagrorg/anaconda3/envs/omnisci-dev/bin/../lib/gcc/x86_64-conda-linux-gnu/12.2.0/crtbegin.o] ==> obj [/home/bagrorg/anaconda3/envs/omnisci-dev/bin/../lib/gcc/x86_64-conda-linux-gnu/12.2.0/crtbegin.o]
    arg [-L/home/bagrorg/anaconda3/envs/omnisci-dev/bin/../lib/gcc/x86_64-conda-linux-gnu/12.2.0] ==> dir [/home/bagrorg/anaconda3/envs/omnisci-dev/bin/../lib/gcc/x86_64-conda-linux-gnu/12.2.0]
    arg [-L/home/bagrorg/anaconda3/envs/omnisci-dev/bin/../lib/gcc/x86_64-conda-linux-gnu/12.2.0/../../../../x86_64-conda-linux-gnu/sysroot/lib/../lib64] ==> dir [/home/bagrorg/anaconda3/envs/omnisci-dev/bin/../lib/gcc/x86_64-conda-linux-gnu/12.2.0/../../../../x86_64-conda-linux-gnu/sysroot/lib/../lib64]
    arg [-L/home/bagrorg/anaconda3/envs/omnisci-dev/bin/../lib/gcc/x86_64-conda-linux-gnu/12.2.0/../../../../x86_64-conda-linux-gnu/sysroot/usr/lib/../lib64] ==> dir [/home/bagrorg/anaconda3/envs/omnisci-dev/bin/../lib/gcc/x86_64-conda-linux-gnu/12.2.0/../../../../x86_64-conda-linux-gnu/sysroot/usr/lib/../lib64]
    arg [-L/home/bagrorg/anaconda3/envs/omnisci-dev/bin/../lib/gcc/x86_64-conda-linux-gnu/12.2.0/../../../../x86_64-conda-linux-gnu/lib] ==> dir [/home/bagrorg/anaconda3/envs/omnisci-dev/bin/../lib/gcc/x86_64-conda-linux-gnu/12.2.0/../../../../x86_64-conda-linux-gnu/lib]
    arg [-L/home/bagrorg/anaconda3/envs/omnisci-dev/bin/../lib/gcc/x86_64-conda-linux-gnu/12.2.0/../../../../x86_64-conda-linux-gnu/sysroot/lib] ==> dir [/home/bagrorg/anaconda3/envs/omnisci-dev/bin/../lib/gcc/x86_64-conda-linux-gnu/12.2.0/../../../../x86_64-conda-linux-gnu/sysroot/lib]
    arg [-L/home/bagrorg/anaconda3/envs/omnisci-dev/bin/../lib/gcc/x86_64-conda-linux-gnu/12.2.0/../../../../x86_64-conda-linux-gnu/sysroot/usr/lib] ==> dir [/home/bagrorg/anaconda3/envs/omnisci-dev/bin/../lib/gcc/x86_64-conda-linux-gnu/12.2.0/../../../../x86_64-conda-linux-gnu/sysroot/usr/lib]
    arg [CMakeFiles/cmTC_db695.dir/CMakeCXXCompilerABI.cpp.o] ==> ignore
    arg [-lstdc++] ==> lib [stdc++]
    arg [-lm] ==> lib [m]
    arg [-lgcc_s] ==> lib [gcc_s]
    arg [-lgcc] ==> lib [gcc]
    arg [-lc] ==> lib [c]
    arg [-lgcc_s] ==> lib [gcc_s]
    arg [-lgcc] ==> lib [gcc]
    arg [/home/bagrorg/anaconda3/envs/omnisci-dev/bin/../lib/gcc/x86_64-conda-linux-gnu/12.2.0/crtend.o] ==> obj [/home/bagrorg/anaconda3/envs/omnisci-dev/bin/../lib/gcc/x86_64-conda-linux-gnu/12.2.0/crtend.o]
    arg [/home/bagrorg/anaconda3/envs/omnisci-dev/bin/../lib/gcc/x86_64-conda-linux-gnu/12.2.0/../../../../x86_64-conda-linux-gnu/sysroot/usr/lib/../lib64/crtn.o] ==> obj [/home/bagrorg/anaconda3/envs/omnisci-dev/bin/../lib/gcc/x86_64-conda-linux-gnu/12.2.0/../../../../x86_64-conda-linux-gnu/sysroot/usr/lib/../lib64/crtn.o]
  collapse obj [/home/bagrorg/anaconda3/envs/omnisci-dev/bin/../lib/gcc/x86_64-conda-linux-gnu/12.2.0/../../../../x86_64-conda-linux-gnu/sysroot/usr/lib/../lib64/crt1.o] ==> [/home/bagrorg/anaconda3/envs/omnisci-dev/x86_64-conda-linux-gnu/sysroot/usr/lib64/crt1.o]
  collapse obj [/home/bagrorg/anaconda3/envs/omnisci-dev/bin/../lib/gcc/x86_64-conda-linux-gnu/12.2.0/../../../../x86_64-conda-linux-gnu/sysroot/usr/lib/../lib64/crti.o] ==> [/home/bagrorg/anaconda3/envs/omnisci-dev/x86_64-conda-linux-gnu/sysroot/usr/lib64/crti.o]
  collapse obj [/home/bagrorg/anaconda3/envs/omnisci-dev/bin/../lib/gcc/x86_64-conda-linux-gnu/12.2.0/crtbegin.o] ==> [/home/bagrorg/anaconda3/envs/omnisci-dev/lib/gcc/x86_64-conda-linux-gnu/12.2.0/crtbegin.o]
  collapse obj [/home/bagrorg/anaconda3/envs/omnisci-dev/bin/../lib/gcc/x86_64-conda-linux-gnu/12.2.0/crtend.o] ==> [/home/bagrorg/anaconda3/envs/omnisci-dev/lib/gcc/x86_64-conda-linux-gnu/12.2.0/crtend.o]
  collapse obj [/home/bagrorg/anaconda3/envs/omnisci-dev/bin/../lib/gcc/x86_64-conda-linux-gnu/12.2.0/../../../../x86_64-conda-linux-gnu/sysroot/usr/lib/../lib64/crtn.o] ==> [/home/bagrorg/anaconda3/envs/omnisci-dev/x86_64-conda-linux-gnu/sysroot/usr/lib64/crtn.o]
  collapse library dir [/home/bagrorg/anaconda3/envs/omnisci-dev/bin/../lib/gcc/x86_64-conda-linux-gnu/12.2.0] ==> [/home/bagrorg/anaconda3/envs/omnisci-dev/lib/gcc/x86_64-conda-linux-gnu/12.2.0]
  collapse library dir [/home/bagrorg/anaconda3/envs/omnisci-dev/bin/../lib/gcc/x86_64-conda-linux-gnu/12.2.0/../../../../x86_64-conda-linux-gnu/sysroot/lib/../lib64] ==> [/home/bagrorg/anaconda3/envs/omnisci-dev/x86_64-conda-linux-gnu/sysroot/lib64]
  collapse library dir [/home/bagrorg/anaconda3/envs/omnisci-dev/bin/../lib/gcc/x86_64-conda-linux-gnu/12.2.0/../../../../x86_64-conda-linux-gnu/sysroot/usr/lib/../lib64] ==> [/home/bagrorg/anaconda3/envs/omnisci-dev/x86_64-conda-linux-gnu/sysroot/usr/lib64]
  collapse library dir [/home/bagrorg/anaconda3/envs/omnisci-dev/bin/../lib/gcc/x86_64-conda-linux-gnu/12.2.0/../../../../x86_64-conda-linux-gnu/lib] ==> [/home/bagrorg/anaconda3/envs/omnisci-dev/x86_64-conda-linux-gnu/lib]
  collapse library dir [/home/bagrorg/anaconda3/envs/omnisci-dev/bin/../lib/gcc/x86_64-conda-linux-gnu/12.2.0/../../../../x86_64-conda-linux-gnu/sysroot/lib] ==> [/home/bagrorg/anaconda3/envs/omnisci-dev/x86_64-conda-linux-gnu/sysroot/lib]
  collapse library dir [/home/bagrorg/anaconda3/envs/omnisci-dev/bin/../lib/gcc/x86_64-conda-linux-gnu/12.2.0/../../../../x86_64-conda-linux-gnu/sysroot/usr/lib] ==> [/home/bagrorg/anaconda3/envs/omnisci-dev/x86_64-conda-linux-gnu/sysroot/usr/lib]
  implicit libs: [stdc++;m;gcc_s;gcc;c;gcc_s;gcc]
  implicit objs: [/home/bagrorg/anaconda3/envs/omnisci-dev/x86_64-conda-linux-gnu/sysroot/usr/lib64/crt1.o;/home/bagrorg/anaconda3/envs/omnisci-dev/x86_64-conda-linux-gnu/sysroot/usr/lib64/crti.o;/home/bagrorg/anaconda3/envs/omnisci-dev/lib/gcc/x86_64-conda-linux-gnu/12.2.0/crtbegin.o;/home/bagrorg/anaconda3/envs/omnisci-dev/lib/gcc/x86_64-conda-linux-gnu/12.2.0/crtend.o;/home/bagrorg/anaconda3/envs/omnisci-dev/x86_64-conda-linux-gnu/sysroot/usr/lib64/crtn.o]
  implicit dirs: [/home/bagrorg/anaconda3/envs/omnisci-dev/lib/gcc/x86_64-conda-linux-gnu/12.2.0;/home/bagrorg/anaconda3/envs/omnisci-dev/x86_64-conda-linux-gnu/sysroot/lib64;/home/bagrorg/anaconda3/envs/omnisci-dev/x86_64-conda-linux-gnu/sysroot/usr/lib64;/home/bagrorg/anaconda3/envs/omnisci-dev/x86_64-conda-linux-gnu/lib;/home/bagrorg/anaconda3/envs/omnisci-dev/x86_64-conda-linux-gnu/sysroot/lib;/home/bagrorg/anaconda3/envs/omnisci-dev/x86_64-conda-linux-gnu/sysroot/usr/lib]
  implicit fwks: []


Determining if the function pthread_create exists in the pthread passed with the following output:
Change Dir: /home/bagrorg/Documents/thesis/hdk/cmake-build-debug-conda/CMakeFiles/CMakeScratch/TryCompile-afeQXA

Run Build Command(s):/home/bagrorg/anaconda3/envs/omnisci-dev/bin/make -f Makefile cmTC_915b5/fast && /home/bagrorg/anaconda3/envs/omnisci-dev/bin/make  -f CMakeFiles/cmTC_915b5.dir/build.make CMakeFiles/cmTC_915b5.dir/build
make[1]: Entering directory '/home/bagrorg/Documents/thesis/hdk/cmake-build-debug-conda/CMakeFiles/CMakeScratch/TryCompile-afeQXA'
Building C object CMakeFiles/cmTC_915b5.dir/CheckFunctionExists.c.o
/home/bagrorg/anaconda3/envs/omnisci-dev/bin/clang   -DCHECK_FUNCTION_EXISTS=pthread_create -fcolor-diagnostics -MD -MT CMakeFiles/cmTC_915b5.dir/CheckFunctionExists.c.o -MF CMakeFiles/cmTC_915b5.dir/CheckFunctionExists.c.o.d -o CMakeFiles/cmTC_915b5.dir/CheckFunctionExists.c.o -c /home/bagrorg/Documents/thesis/hdk/cmake-build-debug-conda/CMakeFiles/CMakeScratch/TryCompile-afeQXA/CheckFunctionExists.c
Linking C executable cmTC_915b5
/home/bagrorg/anaconda3/envs/omnisci-dev/bin/cmake -E cmake_link_script CMakeFiles/cmTC_915b5.dir/link.txt --verbose=1
/home/bagrorg/anaconda3/envs/omnisci-dev/bin/clang  -DCHECK_FUNCTION_EXISTS=pthread_create CMakeFiles/cmTC_915b5.dir/CheckFunctionExists.c.o -o cmTC_915b5  -lpthread 
make[1]: Leaving directory '/home/bagrorg/Documents/thesis/hdk/cmake-build-debug-conda/CMakeFiles/CMakeScratch/TryCompile-afeQXA'



